<?xml version="1.0" encoding="UTF-8"?>
<testng-results ignored="0" total="1" passed="1" failed="0" skipped="0">
  <reporter-output>
  </reporter-output>
  <suite started-at="2023-01-30T17:41:01 IST" name="Default suite" finished-at="2023-01-30T17:41:17 IST" duration-ms="16205">
    <groups>
    </groups>
    <test started-at="2023-01-30T17:41:01 IST" name="Default test" finished-at="2023-01-30T17:41:17 IST" duration-ms="16205">
      <class name="webpages.loginTest">
        <test-method is-config="true" signature="setUp()[pri:0, instance:webpages.loginTest@1573f9fc]" started-at="2023-01-30T17:41:01 IST" name="setUp" finished-at="2023-01-30T17:41:16 IST" duration-ms="14906" status="PASS">
          <reporter-output>
          </reporter-output>
        </test-method> <!-- setUp -->
        <test-method signature="testlogin()[pri:0, instance:webpages.loginTest@1573f9fc]" started-at="2023-01-30T17:41:16 IST" name="testlogin" finished-at="2023-01-30T17:41:17 IST" duration-ms="1103" status="PASS">
          <reporter-output>
          </reporter-output>
        </test-method> <!-- testlogin -->
        <test-method is-config="true" signature="close()[pri:0, instance:webpages.loginTest@1573f9fc]" started-at="2023-01-30T17:41:17 IST" name="close" finished-at="2023-01-30T17:41:17 IST" duration-ms="1" status="PASS">
          <reporter-output>
          </reporter-output>
        </test-method> <!-- close -->
      </class> <!-- webpages.loginTest -->
    </test> <!-- Default test -->
  </suite> <!-- Default suite -->
</testng-results>
