<?xml version="1.0" encoding="UTF-8"?>
<testng-results skipped="0" failed="0" ignored="0" total="1" passed="1">
  <reporter-output>
  </reporter-output>
  <suite name="Default suite" duration-ms="55" started-at="2023-01-31T21:02:17 IST" finished-at="2023-01-31T21:02:17 IST">
    <groups>
    </groups>
    <test name="Default test" duration-ms="55" started-at="2023-01-31T21:02:17 IST" finished-at="2023-01-31T21:02:17 IST">
      <class name="webpages.loginTest">
        <test-method status="PASS" signature="testlogin()[pri:0, instance:webpages.loginTest@543e710e]" name="testlogin" duration-ms="10" started-at="2023-01-31T21:02:17 IST" finished-at="2023-01-31T21:02:17 IST">
          <reporter-output>
          </reporter-output>
        </test-method> <!-- testlogin -->
      </class> <!-- webpages.loginTest -->
    </test> <!-- Default test -->
  </suite> <!-- Default suite -->
</testng-results>
